<?xml version="1.0" encoding="UTF-8"?>
<!-- Generated by org.testng.reporters.JUnitReportReporter -->
<testsuite skipped="0" hostname="DESKTOP-BRRH2CJ" name="com.wip.test.LoginPageTest" tests="1" failures="0" timestamp="26 Apr 2020 08:42:20 GMT" time="63.189" errors="0">
  <testcase name="verifyUserIsAbleToSearchAndToTheCart" time="63.189" classname="com.wip.test.LoginPageTest"/>
</testsuite> <!-- com.wip.test.LoginPageTest -->
