<?xml version="1.0" encoding="UTF-8"?>
<!-- Generated by org.testng.reporters.JUnitReportReporter -->
<testsuite skipped="0" hostname="DESKTOP-BRRH2CJ" name="com.wip.test.LoginPageTest" tests="1" failures="0" timestamp="28 Apr 2020 09:10:59 GMT" time="52.996" errors="0">
  <testcase name="verifyUserIsAbleToSearchAndToTheCart" time="52.996" classname="com.wip.test.LoginPageTest"/>
</testsuite> <!-- com.wip.test.LoginPageTest -->
