<?xml version="1.0" encoding="UTF-8"?>
<!-- Generated by org.testng.reporters.JUnitReportReporter -->
<testsuite skipped="0" hostname="DESKTOP-BRRH2CJ" name="com.wip.test.LoginPageTest" tests="1" failures="0" timestamp="26 Apr 2020 08:11:38 GMT" time="61.342" errors="0">
  <testcase name="verifyUserIsAbleToSearchAndToTheCart" time="61.342" classname="com.wip.test.LoginPageTest"/>
</testsuite> <!-- com.wip.test.LoginPageTest -->
